Start testing: Aug 30 19:08 CEST
----------------------------------------------------------
1/2 Testing: AllowedMethodsTest.ValidInput
1/2 Test: AllowedMethodsTest.ValidInput
Command: "/Users/nhariman/webserv_nginxconfig/google_test/allowed_method_test/build/try_test" "--gtest_filter=AllowedMethodsTest.ValidInput" "--gtest_also_run_disabled_tests"
Directory: /Users/nhariman/webserv_nginxconfig/google_test/allowed_method_test/build
"AllowedMethodsTest.ValidInput" start time: Aug 30 19:08 CEST
Output:
----------------------------------------------------------
Running main() from /Users/nhariman/webserv_nginxconfig/google_test/allowed_method_test/build/_deps/googletest-src/googletest/src/gtest_main.cc
Note: Google Test filter = AllowedMethodsTest.ValidInput
[==========] Running 1 test from 1 test suite.
[----------] Global test environment set-up.
[----------] 1 test from AllowedMethodsTest
[ RUN      ] AllowedMethodsTest.ValidInput
[       OK ] AllowedMethodsTest.ValidInput (0 ms)
[----------] 1 test from AllowedMethodsTest (0 ms total)

[----------] Global test environment tear-down
[==========] 1 test from 1 test suite ran. (0 ms total)
[  PASSED  ] 1 test.
<end of output>
Test time =   0.00 sec
----------------------------------------------------------
Test Passed.
"AllowedMethodsTest.ValidInput" end time: Aug 30 19:08 CEST
"AllowedMethodsTest.ValidInput" time elapsed: 00:00:00
----------------------------------------------------------

2/2 Testing: AllowedMethodsTest.InvalidInput
2/2 Test: AllowedMethodsTest.InvalidInput
Command: "/Users/nhariman/webserv_nginxconfig/google_test/allowed_method_test/build/try_test" "--gtest_filter=AllowedMethodsTest.InvalidInput" "--gtest_also_run_disabled_tests"
Directory: /Users/nhariman/webserv_nginxconfig/google_test/allowed_method_test/build
"AllowedMethodsTest.InvalidInput" start time: Aug 30 19:08 CEST
Output:
----------------------------------------------------------
Running main() from /Users/nhariman/webserv_nginxconfig/google_test/allowed_method_test/build/_deps/googletest-src/googletest/src/gtest_main.cc
Note: Google Test filter = AllowedMethodsTest.InvalidInput
[==========] Running 1 test from 1 test suite.
[----------] Global test environment set-up.
[----------] 1 test from AllowedMethodsTest
[ RUN      ] AllowedMethodsTest.InvalidInput
[       OK ] AllowedMethodsTest.InvalidInput (0 ms)
[----------] 1 test from AllowedMethodsTest (0 ms total)

[----------] Global test environment tear-down
[==========] 1 test from 1 test suite ran. (0 ms total)
[  PASSED  ] 1 test.
<end of output>
Test time =   0.00 sec
----------------------------------------------------------
Test Passed.
"AllowedMethodsTest.InvalidInput" end time: Aug 30 19:08 CEST
"AllowedMethodsTest.InvalidInput" time elapsed: 00:00:00
----------------------------------------------------------

End testing: Aug 30 19:08 CEST
