Start testing: Jul 18 14:33 CEST
----------------------------------------------------------
1/2 Testing: ErrorPageTest.ValidInput
1/2 Test: ErrorPageTest.ValidInput
Command: "/Users/nhariman/codam/webserv/google_test/test_error_page/build/try_test" "--gtest_filter=ErrorPageTest.ValidInput" "--gtest_also_run_disabled_tests"
Directory: /Users/nhariman/codam/webserv/google_test/test_error_page/build
"ErrorPageTest.ValidInput" start time: Jul 18 14:33 CEST
Output:
----------------------------------------------------------
Running main() from /Users/nhariman/codam/webserv/google_test/test_error_page/build/_deps/googletest-src/googletest/src/gtest_main.cc
Note: Google Test filter = ErrorPageTest.ValidInput
[==========] Running 1 test from 1 test suite.
[----------] Global test environment set-up.
[----------] 1 test from ErrorPageTest
[ RUN      ] ErrorPageTest.ValidInput
[       OK ] ErrorPageTest.ValidInput (0 ms)
[----------] 1 test from ErrorPageTest (0 ms total)

[----------] Global test environment tear-down
[==========] 1 test from 1 test suite ran. (0 ms total)
[  PASSED  ] 1 test.
<end of output>
Test time =   0.01 sec
----------------------------------------------------------
Test Passed.
"ErrorPageTest.ValidInput" end time: Jul 18 14:33 CEST
"ErrorPageTest.ValidInput" time elapsed: 00:00:00
----------------------------------------------------------

2/2 Testing: ErrorPageTest.InvalidInput
2/2 Test: ErrorPageTest.InvalidInput
Command: "/Users/nhariman/codam/webserv/google_test/test_error_page/build/try_test" "--gtest_filter=ErrorPageTest.InvalidInput" "--gtest_also_run_disabled_tests"
Directory: /Users/nhariman/codam/webserv/google_test/test_error_page/build
"ErrorPageTest.InvalidInput" start time: Jul 18 14:33 CEST
Output:
----------------------------------------------------------
Running main() from /Users/nhariman/codam/webserv/google_test/test_error_page/build/_deps/googletest-src/googletest/src/gtest_main.cc
Note: Google Test filter = ErrorPageTest.InvalidInput
[==========] Running 1 test from 1 test suite.
[----------] Global test environment set-up.
[----------] 1 test from ErrorPageTest
[ RUN      ] ErrorPageTest.InvalidInput
[       OK ] ErrorPageTest.InvalidInput (0 ms)
[----------] 1 test from ErrorPageTest (0 ms total)

[----------] Global test environment tear-down
[==========] 1 test from 1 test suite ran. (0 ms total)
[  PASSED  ] 1 test.
<end of output>
Test time =   0.01 sec
----------------------------------------------------------
Test Passed.
"ErrorPageTest.InvalidInput" end time: Jul 18 14:33 CEST
"ErrorPageTest.InvalidInput" time elapsed: 00:00:00
----------------------------------------------------------

End testing: Jul 18 14:33 CEST
