Start testing: Jul 17 16:38 CEST
----------------------------------------------------------
1/3 Testing: CMBSTest.ValidInputTests
1/3 Test: CMBSTest.ValidInputTests
Command: "/home/nhariman/foodserv/google_test/test_client_max_body_size/build/try_test" "--gtest_filter=CMBSTest.ValidInputTests" "--gtest_also_run_disabled_tests"
Directory: /home/nhariman/foodserv/google_test/test_client_max_body_size/build
"CMBSTest.ValidInputTests" start time: Jul 17 16:38 CEST
Output:
----------------------------------------------------------
Running main() from /home/nhariman/foodserv/google_test/test_client_max_body_size/build/_deps/googletest-src/googletest/src/gtest_main.cc
Note: Google Test filter = CMBSTest.ValidInputTests
[==========] Running 1 test from 1 test suite.
[----------] Global test environment set-up.
[----------] 1 test from CMBSTest
[ RUN      ] CMBSTest.ValidInputTests
input string: 123
input string: 123m
input string: 123M
input string: 2147483647
input string: 2147483647m
input string: 2147483647M
[       OK ] CMBSTest.ValidInputTests (0 ms)
[----------] 1 test from CMBSTest (0 ms total)

[----------] Global test environment tear-down
[==========] 1 test from 1 test suite ran. (0 ms total)
[  PASSED  ] 1 test.
<end of output>
Test time =   0.00 sec
----------------------------------------------------------
Test Passed.
"CMBSTest.ValidInputTests" end time: Jul 17 16:38 CEST
"CMBSTest.ValidInputTests" time elapsed: 00:00:00
----------------------------------------------------------

2/3 Testing: CMBSTest.InvalidInputTests
2/3 Test: CMBSTest.InvalidInputTests
Command: "/home/nhariman/foodserv/google_test/test_client_max_body_size/build/try_test" "--gtest_filter=CMBSTest.InvalidInputTests" "--gtest_also_run_disabled_tests"
Directory: /home/nhariman/foodserv/google_test/test_client_max_body_size/build
"CMBSTest.InvalidInputTests" start time: Jul 17 16:38 CEST
Output:
----------------------------------------------------------
Running main() from /home/nhariman/foodserv/google_test/test_client_max_body_size/build/_deps/googletest-src/googletest/src/gtest_main.cc
Note: Google Test filter = CMBSTest.InvalidInputTests
[==========] Running 1 test from 1 test suite.
[----------] Global test environment set-up.
[----------] 1 test from CMBSTest
[ RUN      ] CMBSTest.InvalidInputTests
input string: -123
input string: 123b
input string: a123
input string: 123mb
input string: 123MB
input string: 123 1
input string: 123 m
input string: 123m1
input string: 123Me
input string: asbsd
input string: 2147483648
input string: 2147483648m
input string: 2147483648M
[       OK ] CMBSTest.InvalidInputTests (0 ms)
[----------] 1 test from CMBSTest (0 ms total)

[----------] Global test environment tear-down
[==========] 1 test from 1 test suite ran. (0 ms total)
[  PASSED  ] 1 test.
<end of output>
Test time =   0.00 sec
----------------------------------------------------------
Test Passed.
"CMBSTest.InvalidInputTests" end time: Jul 17 16:38 CEST
"CMBSTest.InvalidInputTests" time elapsed: 00:00:00
----------------------------------------------------------

3/3 Testing: CMBSTest.ReturnInputTests
3/3 Test: CMBSTest.ReturnInputTests
Command: "/home/nhariman/foodserv/google_test/test_client_max_body_size/build/try_test" "--gtest_filter=CMBSTest.ReturnInputTests" "--gtest_also_run_disabled_tests"
Directory: /home/nhariman/foodserv/google_test/test_client_max_body_size/build
"CMBSTest.ReturnInputTests" start time: Jul 17 16:38 CEST
Output:
----------------------------------------------------------
Running main() from /home/nhariman/foodserv/google_test/test_client_max_body_size/build/_deps/googletest-src/googletest/src/gtest_main.cc
Note: Google Test filter = CMBSTest.ReturnInputTests
[==========] Running 1 test from 1 test suite.
[----------] Global test environment set-up.
[----------] 1 test from CMBSTest
[ RUN      ] CMBSTest.ReturnInputTests
[       OK ] CMBSTest.ReturnInputTests (0 ms)
[----------] 1 test from CMBSTest (0 ms total)

[----------] Global test environment tear-down
[==========] 1 test from 1 test suite ran. (0 ms total)
[  PASSED  ] 1 test.
<end of output>
Test time =   0.00 sec
----------------------------------------------------------
Test Passed.
"CMBSTest.ReturnInputTests" end time: Jul 17 16:38 CEST
"CMBSTest.ReturnInputTests" time elapsed: 00:00:00
----------------------------------------------------------

End testing: Jul 17 16:38 CEST
