Start testing: Sep 16 20:24 CEST
----------------------------------------------------------
Unable to find executable: /Users/sannealbreghs/Desktop/foodserv/google_test/resolved_path_test/build/try_test
1/1 Testing: RootTest.RootTest
1/1 Test: RootTest.RootTest
Command: "" "--gtest_filter=RootTest.RootTest" "--gtest_also_run_disabled_tests"
Directory: /Users/sannealbreghs/Desktop/foodserv/google_test/resolved_path_test/build
"RootTest.RootTest" start time: 
Output:
----------------------------------------------------------
<end of output>
Test time =   0.00 sec
----------------------------------------------------------
Test Passed.
"RootTest.RootTest" end time: Sep 16 20:24 CEST
"RootTest.RootTest" time elapsed: 00:00:00
----------------------------------------------------------

End testing: Sep 16 20:24 CEST
