Start testing: Aug 29 19:45 CEST
----------------------------------------------------------
1/3 Testing: HelloTestSuite.HelloTest
1/3 Test: HelloTestSuite.HelloTest
Command: "/Users/sannealbreghs/Desktop/foodserv/google_test/quick_build_example/build/try_test" "--gtest_filter=HelloTestSuite.HelloTest" "--gtest_also_run_disabled_tests"
Directory: /Users/sannealbreghs/Desktop/foodserv/google_test/quick_build_example/build
"HelloTestSuite.HelloTest" start time: Aug 29 19:45 CEST
Output:
----------------------------------------------------------
Running main() from /Users/sannealbreghs/Desktop/foodserv/google_test/quick_build_example/build/_deps/googletest-src/googletest/src/gtest_main.cc
Note: Google Test filter = HelloTestSuite.HelloTest
[==========] Running 1 test from 1 test suite.
[----------] Global test environment set-up.
[----------] 1 test from HelloTestSuite
[ RUN      ] HelloTestSuite.HelloTest
[       OK ] HelloTestSuite.HelloTest (0 ms)
[----------] 1 test from HelloTestSuite (0 ms total)

[----------] Global test environment tear-down
[==========] 1 test from 1 test suite ran. (0 ms total)
[  PASSED  ] 1 test.
<end of output>
Test time =   0.00 sec
----------------------------------------------------------
Test Passed.
"HelloTestSuite.HelloTest" end time: Aug 29 19:45 CEST
"HelloTestSuite.HelloTest" time elapsed: 00:00:00
----------------------------------------------------------

2/3 Testing: FactorialTest.HandlesZeroInput
2/3 Test: FactorialTest.HandlesZeroInput
Command: "/Users/sannealbreghs/Desktop/foodserv/google_test/quick_build_example/build/try_test" "--gtest_filter=FactorialTest.HandlesZeroInput" "--gtest_also_run_disabled_tests"
Directory: /Users/sannealbreghs/Desktop/foodserv/google_test/quick_build_example/build
"FactorialTest.HandlesZeroInput" start time: Aug 29 19:45 CEST
Output:
----------------------------------------------------------
Running main() from /Users/sannealbreghs/Desktop/foodserv/google_test/quick_build_example/build/_deps/googletest-src/googletest/src/gtest_main.cc
Note: Google Test filter = FactorialTest.HandlesZeroInput
[==========] Running 1 test from 1 test suite.
[----------] Global test environment set-up.
[----------] 1 test from FactorialTest
[ RUN      ] FactorialTest.HandlesZeroInput
[       OK ] FactorialTest.HandlesZeroInput (0 ms)
[----------] 1 test from FactorialTest (0 ms total)

[----------] Global test environment tear-down
[==========] 1 test from 1 test suite ran. (0 ms total)
[  PASSED  ] 1 test.
<end of output>
Test time =   0.00 sec
----------------------------------------------------------
Test Passed.
"FactorialTest.HandlesZeroInput" end time: Aug 29 19:45 CEST
"FactorialTest.HandlesZeroInput" time elapsed: 00:00:00
----------------------------------------------------------

3/3 Testing: FactorialTest.HandlesPositiveInput
3/3 Test: FactorialTest.HandlesPositiveInput
Command: "/Users/sannealbreghs/Desktop/foodserv/google_test/quick_build_example/build/try_test" "--gtest_filter=FactorialTest.HandlesPositiveInput" "--gtest_also_run_disabled_tests"
Directory: /Users/sannealbreghs/Desktop/foodserv/google_test/quick_build_example/build
"FactorialTest.HandlesPositiveInput" start time: Aug 29 19:45 CEST
Output:
----------------------------------------------------------
Running main() from /Users/sannealbreghs/Desktop/foodserv/google_test/quick_build_example/build/_deps/googletest-src/googletest/src/gtest_main.cc
Note: Google Test filter = FactorialTest.HandlesPositiveInput
[==========] Running 1 test from 1 test suite.
[----------] Global test environment set-up.
[----------] 1 test from FactorialTest
[ RUN      ] FactorialTest.HandlesPositiveInput
[       OK ] FactorialTest.HandlesPositiveInput (0 ms)
[----------] 1 test from FactorialTest (0 ms total)

[----------] Global test environment tear-down
[==========] 1 test from 1 test suite ran. (0 ms total)
[  PASSED  ] 1 test.
<end of output>
Test time =   0.00 sec
----------------------------------------------------------
Test Passed.
"FactorialTest.HandlesPositiveInput" end time: Aug 29 19:45 CEST
"FactorialTest.HandlesPositiveInput" time elapsed: 00:00:00
----------------------------------------------------------

End testing: Aug 29 19:45 CEST
