Start testing: Aug 30 21:15 CEST
----------------------------------------------------------
1/19 Testing: AllowedMethodsTest.ValidInput
1/19 Test: AllowedMethodsTest.ValidInput
Command: "/Users/nhariman/webserv_nginxconfig/google_test/nginx/build/try_test" "--gtest_filter=AllowedMethodsTest.ValidInput" "--gtest_also_run_disabled_tests"
Directory: /Users/nhariman/webserv_nginxconfig/google_test/nginx/build
"AllowedMethodsTest.ValidInput" start time: Aug 30 21:15 CEST
Output:
----------------------------------------------------------
Running main() from /Users/nhariman/webserv_nginxconfig/google_test/nginx/build/_deps/googletest-src/googletest/src/gtest_main.cc
Note: Google Test filter = AllowedMethodsTest.ValidInput
[==========] Running 1 test from 1 test suite.
[----------] Global test environment set-up.
[----------] 1 test from AllowedMethodsTest
[ RUN      ] AllowedMethodsTest.ValidInput
[       OK ] AllowedMethodsTest.ValidInput (0 ms)
[----------] 1 test from AllowedMethodsTest (0 ms total)

[----------] Global test environment tear-down
[==========] 1 test from 1 test suite ran. (0 ms total)
[  PASSED  ] 1 test.
<end of output>
Test time =   0.01 sec
----------------------------------------------------------
Test Passed.
"AllowedMethodsTest.ValidInput" end time: Aug 30 21:15 CEST
"AllowedMethodsTest.ValidInput" time elapsed: 00:00:00
----------------------------------------------------------

2/19 Testing: AllowedMethodsTest.InvalidInput
2/19 Test: AllowedMethodsTest.InvalidInput
Command: "/Users/nhariman/webserv_nginxconfig/google_test/nginx/build/try_test" "--gtest_filter=AllowedMethodsTest.InvalidInput" "--gtest_also_run_disabled_tests"
Directory: /Users/nhariman/webserv_nginxconfig/google_test/nginx/build
"AllowedMethodsTest.InvalidInput" start time: Aug 30 21:15 CEST
Output:
----------------------------------------------------------
Running main() from /Users/nhariman/webserv_nginxconfig/google_test/nginx/build/_deps/googletest-src/googletest/src/gtest_main.cc
Note: Google Test filter = AllowedMethodsTest.InvalidInput
[==========] Running 1 test from 1 test suite.
[----------] Global test environment set-up.
[----------] 1 test from AllowedMethodsTest
[ RUN      ] AllowedMethodsTest.InvalidInput
[       OK ] AllowedMethodsTest.InvalidInput (0 ms)
[----------] 1 test from AllowedMethodsTest (0 ms total)

[----------] Global test environment tear-down
[==========] 1 test from 1 test suite ran. (0 ms total)
[  PASSED  ] 1 test.
<end of output>
Test time =   0.01 sec
----------------------------------------------------------
Test Passed.
"AllowedMethodsTest.InvalidInput" end time: Aug 30 21:15 CEST
"AllowedMethodsTest.InvalidInput" time elapsed: 00:00:00
----------------------------------------------------------

3/19 Testing: AutoIndexTest.ValidInput
3/19 Test: AutoIndexTest.ValidInput
Command: "/Users/nhariman/webserv_nginxconfig/google_test/nginx/build/try_test" "--gtest_filter=AutoIndexTest.ValidInput" "--gtest_also_run_disabled_tests"
Directory: /Users/nhariman/webserv_nginxconfig/google_test/nginx/build
"AutoIndexTest.ValidInput" start time: Aug 30 21:15 CEST
Output:
----------------------------------------------------------
Running main() from /Users/nhariman/webserv_nginxconfig/google_test/nginx/build/_deps/googletest-src/googletest/src/gtest_main.cc
Note: Google Test filter = AutoIndexTest.ValidInput
[==========] Running 1 test from 1 test suite.
[----------] Global test environment set-up.
[----------] 1 test from AutoIndexTest
[ RUN      ] AutoIndexTest.ValidInput
[       OK ] AutoIndexTest.ValidInput (0 ms)
[----------] 1 test from AutoIndexTest (0 ms total)

[----------] Global test environment tear-down
[==========] 1 test from 1 test suite ran. (0 ms total)
[  PASSED  ] 1 test.
<end of output>
Test time =   0.00 sec
----------------------------------------------------------
Test Passed.
"AutoIndexTest.ValidInput" end time: Aug 30 21:15 CEST
"AutoIndexTest.ValidInput" time elapsed: 00:00:00
----------------------------------------------------------

4/19 Testing: AutoIndexTest.invalidInput
4/19 Test: AutoIndexTest.invalidInput
Command: "/Users/nhariman/webserv_nginxconfig/google_test/nginx/build/try_test" "--gtest_filter=AutoIndexTest.invalidInput" "--gtest_also_run_disabled_tests"
Directory: /Users/nhariman/webserv_nginxconfig/google_test/nginx/build
"AutoIndexTest.invalidInput" start time: Aug 30 21:15 CEST
Output:
----------------------------------------------------------
Running main() from /Users/nhariman/webserv_nginxconfig/google_test/nginx/build/_deps/googletest-src/googletest/src/gtest_main.cc
Note: Google Test filter = AutoIndexTest.invalidInput
[==========] Running 1 test from 1 test suite.
[----------] Global test environment set-up.
[----------] 1 test from AutoIndexTest
[ RUN      ] AutoIndexTest.invalidInput
[       OK ] AutoIndexTest.invalidInput (0 ms)
[----------] 1 test from AutoIndexTest (0 ms total)

[----------] Global test environment tear-down
[==========] 1 test from 1 test suite ran. (0 ms total)
[  PASSED  ] 1 test.
<end of output>
Test time =   0.00 sec
----------------------------------------------------------
Test Passed.
"AutoIndexTest.invalidInput" end time: Aug 30 21:15 CEST
"AutoIndexTest.invalidInput" time elapsed: 00:00:00
----------------------------------------------------------

5/19 Testing: ErrorPageTest.ValidInput
5/19 Test: ErrorPageTest.ValidInput
Command: "/Users/nhariman/webserv_nginxconfig/google_test/nginx/build/try_test" "--gtest_filter=ErrorPageTest.ValidInput" "--gtest_also_run_disabled_tests"
Directory: /Users/nhariman/webserv_nginxconfig/google_test/nginx/build
"ErrorPageTest.ValidInput" start time: Aug 30 21:15 CEST
Output:
----------------------------------------------------------
Running main() from /Users/nhariman/webserv_nginxconfig/google_test/nginx/build/_deps/googletest-src/googletest/src/gtest_main.cc
Note: Google Test filter = ErrorPageTest.ValidInput
[==========] Running 1 test from 1 test suite.
[----------] Global test environment set-up.
[----------] 1 test from ErrorPageTest
[ RUN      ] ErrorPageTest.ValidInput
[       OK ] ErrorPageTest.ValidInput (0 ms)
[----------] 1 test from ErrorPageTest (0 ms total)

[----------] Global test environment tear-down
[==========] 1 test from 1 test suite ran. (0 ms total)
[  PASSED  ] 1 test.
<end of output>
Test time =   0.01 sec
----------------------------------------------------------
Test Passed.
"ErrorPageTest.ValidInput" end time: Aug 30 21:15 CEST
"ErrorPageTest.ValidInput" time elapsed: 00:00:00
----------------------------------------------------------

6/19 Testing: ErrorPageTest.InvalidInput
6/19 Test: ErrorPageTest.InvalidInput
Command: "/Users/nhariman/webserv_nginxconfig/google_test/nginx/build/try_test" "--gtest_filter=ErrorPageTest.InvalidInput" "--gtest_also_run_disabled_tests"
Directory: /Users/nhariman/webserv_nginxconfig/google_test/nginx/build
"ErrorPageTest.InvalidInput" start time: Aug 30 21:15 CEST
Output:
----------------------------------------------------------
Running main() from /Users/nhariman/webserv_nginxconfig/google_test/nginx/build/_deps/googletest-src/googletest/src/gtest_main.cc
Note: Google Test filter = ErrorPageTest.InvalidInput
[==========] Running 1 test from 1 test suite.
[----------] Global test environment set-up.
[----------] 1 test from ErrorPageTest
[ RUN      ] ErrorPageTest.InvalidInput
[       OK ] ErrorPageTest.InvalidInput (0 ms)
[----------] 1 test from ErrorPageTest (0 ms total)

[----------] Global test environment tear-down
[==========] 1 test from 1 test suite ran. (0 ms total)
[  PASSED  ] 1 test.
<end of output>
Test time =   0.01 sec
----------------------------------------------------------
Test Passed.
"ErrorPageTest.InvalidInput" end time: Aug 30 21:15 CEST
"ErrorPageTest.InvalidInput" time elapsed: 00:00:00
----------------------------------------------------------

7/19 Testing: IndexTest.InvalidInput
7/19 Test: IndexTest.InvalidInput
Command: "/Users/nhariman/webserv_nginxconfig/google_test/nginx/build/try_test" "--gtest_filter=IndexTest.InvalidInput" "--gtest_also_run_disabled_tests"
Directory: /Users/nhariman/webserv_nginxconfig/google_test/nginx/build
"IndexTest.InvalidInput" start time: Aug 30 21:15 CEST
Output:
----------------------------------------------------------
Running main() from /Users/nhariman/webserv_nginxconfig/google_test/nginx/build/_deps/googletest-src/googletest/src/gtest_main.cc
Note: Google Test filter = IndexTest.InvalidInput
[==========] Running 1 test from 1 test suite.
[----------] Global test environment set-up.
[----------] 1 test from IndexTest
[ RUN      ] IndexTest.InvalidInput
[       OK ] IndexTest.InvalidInput (0 ms)
[----------] 1 test from IndexTest (0 ms total)

[----------] Global test environment tear-down
[==========] 1 test from 1 test suite ran. (0 ms total)
[  PASSED  ] 1 test.
<end of output>
Test time =   0.01 sec
----------------------------------------------------------
Test Passed.
"IndexTest.InvalidInput" end time: Aug 30 21:15 CEST
"IndexTest.InvalidInput" time elapsed: 00:00:00
----------------------------------------------------------

8/19 Testing: IndexTest.ValidInput
8/19 Test: IndexTest.ValidInput
Command: "/Users/nhariman/webserv_nginxconfig/google_test/nginx/build/try_test" "--gtest_filter=IndexTest.ValidInput" "--gtest_also_run_disabled_tests"
Directory: /Users/nhariman/webserv_nginxconfig/google_test/nginx/build
"IndexTest.ValidInput" start time: Aug 30 21:15 CEST
Output:
----------------------------------------------------------
Running main() from /Users/nhariman/webserv_nginxconfig/google_test/nginx/build/_deps/googletest-src/googletest/src/gtest_main.cc
Note: Google Test filter = IndexTest.ValidInput
[==========] Running 1 test from 1 test suite.
[----------] Global test environment set-up.
[----------] 1 test from IndexTest
[ RUN      ] IndexTest.ValidInput
[       OK ] IndexTest.ValidInput (0 ms)
[----------] 1 test from IndexTest (0 ms total)

[----------] Global test environment tear-down
[==========] 1 test from 1 test suite ran. (0 ms total)
[  PASSED  ] 1 test.
<end of output>
Test time =   0.01 sec
----------------------------------------------------------
Test Passed.
"IndexTest.ValidInput" end time: Aug 30 21:15 CEST
"IndexTest.ValidInput" time elapsed: 00:00:00
----------------------------------------------------------

9/19 Testing: RootTest.InvalidInput
9/19 Test: RootTest.InvalidInput
Command: "/Users/nhariman/webserv_nginxconfig/google_test/nginx/build/try_test" "--gtest_filter=RootTest.InvalidInput" "--gtest_also_run_disabled_tests"
Directory: /Users/nhariman/webserv_nginxconfig/google_test/nginx/build
"RootTest.InvalidInput" start time: Aug 30 21:15 CEST
Output:
----------------------------------------------------------
Running main() from /Users/nhariman/webserv_nginxconfig/google_test/nginx/build/_deps/googletest-src/googletest/src/gtest_main.cc
Note: Google Test filter = RootTest.InvalidInput
[==========] Running 1 test from 1 test suite.
[----------] Global test environment set-up.
[----------] 1 test from RootTest
[ RUN      ] RootTest.InvalidInput
[       OK ] RootTest.InvalidInput (0 ms)
[----------] 1 test from RootTest (0 ms total)

[----------] Global test environment tear-down
[==========] 1 test from 1 test suite ran. (0 ms total)
[  PASSED  ] 1 test.
<end of output>
Test time =   0.01 sec
----------------------------------------------------------
Test Passed.
"RootTest.InvalidInput" end time: Aug 30 21:15 CEST
"RootTest.InvalidInput" time elapsed: 00:00:00
----------------------------------------------------------

10/19 Testing: RootTest.ValidInput
10/19 Test: RootTest.ValidInput
Command: "/Users/nhariman/webserv_nginxconfig/google_test/nginx/build/try_test" "--gtest_filter=RootTest.ValidInput" "--gtest_also_run_disabled_tests"
Directory: /Users/nhariman/webserv_nginxconfig/google_test/nginx/build
"RootTest.ValidInput" start time: Aug 30 21:15 CEST
Output:
----------------------------------------------------------
Running main() from /Users/nhariman/webserv_nginxconfig/google_test/nginx/build/_deps/googletest-src/googletest/src/gtest_main.cc
Note: Google Test filter = RootTest.ValidInput
[==========] Running 1 test from 1 test suite.
[----------] Global test environment set-up.
[----------] 1 test from RootTest
[ RUN      ] RootTest.ValidInput
[       OK ] RootTest.ValidInput (0 ms)
[----------] 1 test from RootTest (0 ms total)

[----------] Global test environment tear-down
[==========] 1 test from 1 test suite ran. (0 ms total)
[  PASSED  ] 1 test.
<end of output>
Test time =   0.01 sec
----------------------------------------------------------
Test Passed.
"RootTest.ValidInput" end time: Aug 30 21:15 CEST
"RootTest.ValidInput" time elapsed: 00:00:00
----------------------------------------------------------

11/19 Testing: CMBSTest.ValidInputTests
11/19 Test: CMBSTest.ValidInputTests
Command: "/Users/nhariman/webserv_nginxconfig/google_test/nginx/build/try_test" "--gtest_filter=CMBSTest.ValidInputTests" "--gtest_also_run_disabled_tests"
Directory: /Users/nhariman/webserv_nginxconfig/google_test/nginx/build
"CMBSTest.ValidInputTests" start time: Aug 30 21:15 CEST
Output:
----------------------------------------------------------
Running main() from /Users/nhariman/webserv_nginxconfig/google_test/nginx/build/_deps/googletest-src/googletest/src/gtest_main.cc
Note: Google Test filter = CMBSTest.ValidInputTests
[==========] Running 1 test from 1 test suite.
[----------] Global test environment set-up.
[----------] 1 test from CMBSTest
[ RUN      ] CMBSTest.ValidInputTests
[       OK ] CMBSTest.ValidInputTests (0 ms)
[----------] 1 test from CMBSTest (0 ms total)

[----------] Global test environment tear-down
[==========] 1 test from 1 test suite ran. (0 ms total)
[  PASSED  ] 1 test.
<end of output>
Test time =   0.01 sec
----------------------------------------------------------
Test Passed.
"CMBSTest.ValidInputTests" end time: Aug 30 21:15 CEST
"CMBSTest.ValidInputTests" time elapsed: 00:00:00
----------------------------------------------------------

12/19 Testing: CMBSTest.InvalidInputTests
12/19 Test: CMBSTest.InvalidInputTests
Command: "/Users/nhariman/webserv_nginxconfig/google_test/nginx/build/try_test" "--gtest_filter=CMBSTest.InvalidInputTests" "--gtest_also_run_disabled_tests"
Directory: /Users/nhariman/webserv_nginxconfig/google_test/nginx/build
"CMBSTest.InvalidInputTests" start time: Aug 30 21:15 CEST
Output:
----------------------------------------------------------
Running main() from /Users/nhariman/webserv_nginxconfig/google_test/nginx/build/_deps/googletest-src/googletest/src/gtest_main.cc
Note: Google Test filter = CMBSTest.InvalidInputTests
[==========] Running 1 test from 1 test suite.
[----------] Global test environment set-up.
[----------] 1 test from CMBSTest
[ RUN      ] CMBSTest.InvalidInputTests
[       OK ] CMBSTest.InvalidInputTests (0 ms)
[----------] 1 test from CMBSTest (0 ms total)

[----------] Global test environment tear-down
[==========] 1 test from 1 test suite ran. (0 ms total)
[  PASSED  ] 1 test.
<end of output>
Test time =   0.01 sec
----------------------------------------------------------
Test Passed.
"CMBSTest.InvalidInputTests" end time: Aug 30 21:15 CEST
"CMBSTest.InvalidInputTests" time elapsed: 00:00:00
----------------------------------------------------------

13/19 Testing: CMBSTest.ReturnInputTests
13/19 Test: CMBSTest.ReturnInputTests
Command: "/Users/nhariman/webserv_nginxconfig/google_test/nginx/build/try_test" "--gtest_filter=CMBSTest.ReturnInputTests" "--gtest_also_run_disabled_tests"
Directory: /Users/nhariman/webserv_nginxconfig/google_test/nginx/build
"CMBSTest.ReturnInputTests" start time: Aug 30 21:15 CEST
Output:
----------------------------------------------------------
Running main() from /Users/nhariman/webserv_nginxconfig/google_test/nginx/build/_deps/googletest-src/googletest/src/gtest_main.cc
Note: Google Test filter = CMBSTest.ReturnInputTests
[==========] Running 1 test from 1 test suite.
[----------] Global test environment set-up.
[----------] 1 test from CMBSTest
[ RUN      ] CMBSTest.ReturnInputTests
[       OK ] CMBSTest.ReturnInputTests (0 ms)
[----------] 1 test from CMBSTest (0 ms total)

[----------] Global test environment tear-down
[==========] 1 test from 1 test suite ran. (0 ms total)
[  PASSED  ] 1 test.
<end of output>
Test time =   0.00 sec
----------------------------------------------------------
Test Passed.
"CMBSTest.ReturnInputTests" end time: Aug 30 21:15 CEST
"CMBSTest.ReturnInputTests" time elapsed: 00:00:00
----------------------------------------------------------

14/19 Testing: FastcgipassTest.InvalidInput
14/19 Test: FastcgipassTest.InvalidInput
Command: "/Users/nhariman/webserv_nginxconfig/google_test/nginx/build/try_test" "--gtest_filter=FastcgipassTest.InvalidInput" "--gtest_also_run_disabled_tests"
Directory: /Users/nhariman/webserv_nginxconfig/google_test/nginx/build
"FastcgipassTest.InvalidInput" start time: Aug 30 21:15 CEST
Output:
----------------------------------------------------------
Running main() from /Users/nhariman/webserv_nginxconfig/google_test/nginx/build/_deps/googletest-src/googletest/src/gtest_main.cc
Note: Google Test filter = FastcgipassTest.InvalidInput
[==========] Running 1 test from 1 test suite.
[----------] Global test environment set-up.
[----------] 1 test from FastcgipassTest
[ RUN      ] FastcgipassTest.InvalidInput
[       OK ] FastcgipassTest.InvalidInput (0 ms)
[----------] 1 test from FastcgipassTest (0 ms total)

[----------] Global test environment tear-down
[==========] 1 test from 1 test suite ran. (0 ms total)
[  PASSED  ] 1 test.
<end of output>
Test time =   0.01 sec
----------------------------------------------------------
Test Passed.
"FastcgipassTest.InvalidInput" end time: Aug 30 21:15 CEST
"FastcgipassTest.InvalidInput" time elapsed: 00:00:00
----------------------------------------------------------

15/19 Testing: FastcgipassTest.ValidInput
15/19 Test: FastcgipassTest.ValidInput
Command: "/Users/nhariman/webserv_nginxconfig/google_test/nginx/build/try_test" "--gtest_filter=FastcgipassTest.ValidInput" "--gtest_also_run_disabled_tests"
Directory: /Users/nhariman/webserv_nginxconfig/google_test/nginx/build
"FastcgipassTest.ValidInput" start time: Aug 30 21:15 CEST
Output:
----------------------------------------------------------
Running main() from /Users/nhariman/webserv_nginxconfig/google_test/nginx/build/_deps/googletest-src/googletest/src/gtest_main.cc
Note: Google Test filter = FastcgipassTest.ValidInput
[==========] Running 1 test from 1 test suite.
[----------] Global test environment set-up.
[----------] 1 test from FastcgipassTest
[ RUN      ] FastcgipassTest.ValidInput
[       OK ] FastcgipassTest.ValidInput (0 ms)
[----------] 1 test from FastcgipassTest (0 ms total)

[----------] Global test environment tear-down
[==========] 1 test from 1 test suite ran. (0 ms total)
[  PASSED  ] 1 test.
<end of output>
Test time =   0.00 sec
----------------------------------------------------------
Test Passed.
"FastcgipassTest.ValidInput" end time: Aug 30 21:15 CEST
"FastcgipassTest.ValidInput" time elapsed: 00:00:00
----------------------------------------------------------

16/19 Testing: LocationURITest.InvalidInput
16/19 Test: LocationURITest.InvalidInput
Command: "/Users/nhariman/webserv_nginxconfig/google_test/nginx/build/try_test" "--gtest_filter=LocationURITest.InvalidInput" "--gtest_also_run_disabled_tests"
Directory: /Users/nhariman/webserv_nginxconfig/google_test/nginx/build
"LocationURITest.InvalidInput" start time: Aug 30 21:15 CEST
Output:
----------------------------------------------------------
Running main() from /Users/nhariman/webserv_nginxconfig/google_test/nginx/build/_deps/googletest-src/googletest/src/gtest_main.cc
Note: Google Test filter = LocationURITest.InvalidInput
[==========] Running 1 test from 1 test suite.
[----------] Global test environment set-up.
[----------] 1 test from LocationURITest
[ RUN      ] LocationURITest.InvalidInput
[       OK ] LocationURITest.InvalidInput (0 ms)
[----------] 1 test from LocationURITest (0 ms total)

[----------] Global test environment tear-down
[==========] 1 test from 1 test suite ran. (0 ms total)
[  PASSED  ] 1 test.
<end of output>
Test time =   0.00 sec
----------------------------------------------------------
Test Passed.
"LocationURITest.InvalidInput" end time: Aug 30 21:15 CEST
"LocationURITest.InvalidInput" time elapsed: 00:00:00
----------------------------------------------------------

17/19 Testing: LocationURITest.ValidInput
17/19 Test: LocationURITest.ValidInput
Command: "/Users/nhariman/webserv_nginxconfig/google_test/nginx/build/try_test" "--gtest_filter=LocationURITest.ValidInput" "--gtest_also_run_disabled_tests"
Directory: /Users/nhariman/webserv_nginxconfig/google_test/nginx/build
"LocationURITest.ValidInput" start time: Aug 30 21:15 CEST
Output:
----------------------------------------------------------
Running main() from /Users/nhariman/webserv_nginxconfig/google_test/nginx/build/_deps/googletest-src/googletest/src/gtest_main.cc
Note: Google Test filter = LocationURITest.ValidInput
[==========] Running 1 test from 1 test suite.
[----------] Global test environment set-up.
[----------] 1 test from LocationURITest
[ RUN      ] LocationURITest.ValidInput
[       OK ] LocationURITest.ValidInput (0 ms)
[----------] 1 test from LocationURITest (0 ms total)

[----------] Global test environment tear-down
[==========] 1 test from 1 test suite ran. (0 ms total)
[  PASSED  ] 1 test.
<end of output>
Test time =   0.01 sec
----------------------------------------------------------
Test Passed.
"LocationURITest.ValidInput" end time: Aug 30 21:15 CEST
"LocationURITest.ValidInput" time elapsed: 00:00:00
----------------------------------------------------------

18/19 Testing: ReturnTest.InvalidInput
18/19 Test: ReturnTest.InvalidInput
Command: "/Users/nhariman/webserv_nginxconfig/google_test/nginx/build/try_test" "--gtest_filter=ReturnTest.InvalidInput" "--gtest_also_run_disabled_tests"
Directory: /Users/nhariman/webserv_nginxconfig/google_test/nginx/build
"ReturnTest.InvalidInput" start time: Aug 30 21:15 CEST
Output:
----------------------------------------------------------
Running main() from /Users/nhariman/webserv_nginxconfig/google_test/nginx/build/_deps/googletest-src/googletest/src/gtest_main.cc
Note: Google Test filter = ReturnTest.InvalidInput
[==========] Running 1 test from 1 test suite.
[----------] Global test environment set-up.
[----------] 1 test from ReturnTest
[ RUN      ] ReturnTest.InvalidInput
[       OK ] ReturnTest.InvalidInput (0 ms)
[----------] 1 test from ReturnTest (0 ms total)

[----------] Global test environment tear-down
[==========] 1 test from 1 test suite ran. (0 ms total)
[  PASSED  ] 1 test.
<end of output>
Test time =   0.01 sec
----------------------------------------------------------
Test Passed.
"ReturnTest.InvalidInput" end time: Aug 30 21:15 CEST
"ReturnTest.InvalidInput" time elapsed: 00:00:00
----------------------------------------------------------

19/19 Testing: ReturnTest.ValidInput
19/19 Test: ReturnTest.ValidInput
Command: "/Users/nhariman/webserv_nginxconfig/google_test/nginx/build/try_test" "--gtest_filter=ReturnTest.ValidInput" "--gtest_also_run_disabled_tests"
Directory: /Users/nhariman/webserv_nginxconfig/google_test/nginx/build
"ReturnTest.ValidInput" start time: Aug 30 21:15 CEST
Output:
----------------------------------------------------------
Running main() from /Users/nhariman/webserv_nginxconfig/google_test/nginx/build/_deps/googletest-src/googletest/src/gtest_main.cc
Note: Google Test filter = ReturnTest.ValidInput
[==========] Running 1 test from 1 test suite.
[----------] Global test environment set-up.
[----------] 1 test from ReturnTest
[ RUN      ] ReturnTest.ValidInput
[       OK ] ReturnTest.ValidInput (0 ms)
[----------] 1 test from ReturnTest (0 ms total)

[----------] Global test environment tear-down
[==========] 1 test from 1 test suite ran. (0 ms total)
[  PASSED  ] 1 test.
<end of output>
Test time =   0.01 sec
----------------------------------------------------------
Test Passed.
"ReturnTest.ValidInput" end time: Aug 30 21:15 CEST
"ReturnTest.ValidInput" time elapsed: 00:00:00
----------------------------------------------------------

End testing: Aug 30 21:15 CEST
