Start testing: Aug 29 22:36 CEST
----------------------------------------------------------
1/3 Testing: Listen1.Correct
1/3 Test: Listen1.Correct
Command: "/Users/sannealbreghs/Desktop/foodserv/google_test/listen_test/build/try_test" "--gtest_filter=Listen1.Correct" "--gtest_also_run_disabled_tests"
Directory: /Users/sannealbreghs/Desktop/foodserv/google_test/listen_test/build
"Listen1.Correct" start time: Aug 29 22:36 CEST
Output:
----------------------------------------------------------
Running main() from /Users/sannealbreghs/Desktop/foodserv/google_test/listen_test/build/_deps/googletest-src/googletest/src/gtest_main.cc
Note: Google Test filter = Listen1.Correct
[==========] Running 1 test from 1 test suite.
[----------] Global test environment set-up.
[----------] 1 test from Listen1
[ RUN      ] Listen1.Correct

String in listen: 127.0.0.1:8000
[       OK ] Listen1.Correct (0 ms)
[----------] 1 test from Listen1 (0 ms total)

[----------] Global test environment tear-down
[==========] 1 test from 1 test suite ran. (0 ms total)
[  PASSED  ] 1 test.
<end of output>
Test time =   0.01 sec
----------------------------------------------------------
Test Passed.
"Listen1.Correct" end time: Aug 29 22:36 CEST
"Listen1.Correct" time elapsed: 00:00:00
----------------------------------------------------------

2/3 Testing: Listen2.Correct
2/3 Test: Listen2.Correct
Command: "/Users/sannealbreghs/Desktop/foodserv/google_test/listen_test/build/try_test" "--gtest_filter=Listen2.Correct" "--gtest_also_run_disabled_tests"
Directory: /Users/sannealbreghs/Desktop/foodserv/google_test/listen_test/build
"Listen2.Correct" start time: Aug 29 22:36 CEST
Output:
----------------------------------------------------------
Running main() from /Users/sannealbreghs/Desktop/foodserv/google_test/listen_test/build/_deps/googletest-src/googletest/src/gtest_main.cc
Note: Google Test filter = Listen2.Correct
[==========] Running 1 test from 1 test suite.
[----------] Global test environment set-up.
[----------] 1 test from Listen2
[ RUN      ] Listen2.Correct

String in listen: 8000
[       OK ] Listen2.Correct (0 ms)
[----------] 1 test from Listen2 (0 ms total)

[----------] Global test environment tear-down
[==========] 1 test from 1 test suite ran. (0 ms total)
[  PASSED  ] 1 test.
<end of output>
Test time =   0.00 sec
----------------------------------------------------------
Test Passed.
"Listen2.Correct" end time: Aug 29 22:36 CEST
"Listen2.Correct" time elapsed: 00:00:00
----------------------------------------------------------

3/3 Testing: ListenTest.Exceptions
3/3 Test: ListenTest.Exceptions
Command: "/Users/sannealbreghs/Desktop/foodserv/google_test/listen_test/build/try_test" "--gtest_filter=ListenTest.Exceptions" "--gtest_also_run_disabled_tests"
Directory: /Users/sannealbreghs/Desktop/foodserv/google_test/listen_test/build
"ListenTest.Exceptions" start time: Aug 29 22:36 CEST
Output:
----------------------------------------------------------
Running main() from /Users/sannealbreghs/Desktop/foodserv/google_test/listen_test/build/_deps/googletest-src/googletest/src/gtest_main.cc
Note: Google Test filter = ListenTest.Exceptions
[==========] Running 1 test from 1 test suite.
[----------] Global test environment set-up.
[----------] 1 test from ListenTest
[ RUN      ] ListenTest.Exceptions

String in listen: crap:crap
[       OK ] ListenTest.Exceptions (0 ms)
[----------] 1 test from ListenTest (0 ms total)

[----------] Global test environment tear-down
[==========] 1 test from 1 test suite ran. (0 ms total)
[  PASSED  ] 1 test.
<end of output>
Test time =   0.00 sec
----------------------------------------------------------
Test Passed.
"ListenTest.Exceptions" end time: Aug 29 22:36 CEST
"ListenTest.Exceptions" time elapsed: 00:00:00
----------------------------------------------------------

End testing: Aug 29 22:36 CEST
