Start testing: Aug 30 19:14 CEST
----------------------------------------------------------
1/4 Testing: OnlyIP.CorrectInput
1/4 Test: OnlyIP.CorrectInput
Command: "/Users/sannealbreghs/Desktop/foodserv/google_test/listen_test/build/try_test" "--gtest_filter=OnlyIP.CorrectInput" "--gtest_also_run_disabled_tests"
Directory: /Users/sannealbreghs/Desktop/foodserv/google_test/listen_test/build
"OnlyIP.CorrectInput" start time: Aug 30 19:14 CEST
Output:
----------------------------------------------------------
Running main() from /Users/sannealbreghs/Desktop/foodserv/google_test/listen_test/build/_deps/googletest-src/googletest/src/gtest_main.cc
Note: Google Test filter = OnlyIP.CorrectInput
[==========] Running 1 test from 1 test suite.
[----------] Global test environment set-up.
[----------] 1 test from OnlyIP
[ RUN      ] OnlyIP.CorrectInput
[       OK ] OnlyIP.CorrectInput (0 ms)
[----------] 1 test from OnlyIP (0 ms total)

[----------] Global test environment tear-down
[==========] 1 test from 1 test suite ran. (0 ms total)
[  PASSED  ] 1 test.
<end of output>
Test time =   0.00 sec
----------------------------------------------------------
Test Passed.
"OnlyIP.CorrectInput" end time: Aug 30 19:14 CEST
"OnlyIP.CorrectInput" time elapsed: 00:00:00
----------------------------------------------------------

2/4 Testing: OnlyPort.CorrectInput
2/4 Test: OnlyPort.CorrectInput
Command: "/Users/sannealbreghs/Desktop/foodserv/google_test/listen_test/build/try_test" "--gtest_filter=OnlyPort.CorrectInput" "--gtest_also_run_disabled_tests"
Directory: /Users/sannealbreghs/Desktop/foodserv/google_test/listen_test/build
"OnlyPort.CorrectInput" start time: Aug 30 19:14 CEST
Output:
----------------------------------------------------------
Running main() from /Users/sannealbreghs/Desktop/foodserv/google_test/listen_test/build/_deps/googletest-src/googletest/src/gtest_main.cc
Note: Google Test filter = OnlyPort.CorrectInput
[==========] Running 1 test from 1 test suite.
[----------] Global test environment set-up.
[----------] 1 test from OnlyPort
[ RUN      ] OnlyPort.CorrectInput
[       OK ] OnlyPort.CorrectInput (0 ms)
[----------] 1 test from OnlyPort (0 ms total)

[----------] Global test environment tear-down
[==========] 1 test from 1 test suite ran. (0 ms total)
[  PASSED  ] 1 test.
<end of output>
Test time =   0.01 sec
----------------------------------------------------------
Test Passed.
"OnlyPort.CorrectInput" end time: Aug 30 19:14 CEST
"OnlyPort.CorrectInput" time elapsed: 00:00:00
----------------------------------------------------------

3/4 Testing: Both.CorrectInput
3/4 Test: Both.CorrectInput
Command: "/Users/sannealbreghs/Desktop/foodserv/google_test/listen_test/build/try_test" "--gtest_filter=Both.CorrectInput" "--gtest_also_run_disabled_tests"
Directory: /Users/sannealbreghs/Desktop/foodserv/google_test/listen_test/build
"Both.CorrectInput" start time: Aug 30 19:14 CEST
Output:
----------------------------------------------------------
Running main() from /Users/sannealbreghs/Desktop/foodserv/google_test/listen_test/build/_deps/googletest-src/googletest/src/gtest_main.cc
Note: Google Test filter = Both.CorrectInput
[==========] Running 1 test from 1 test suite.
[----------] Global test environment set-up.
[----------] 1 test from Both
[ RUN      ] Both.CorrectInput
[       OK ] Both.CorrectInput (0 ms)
[----------] 1 test from Both (0 ms total)

[----------] Global test environment tear-down
[==========] 1 test from 1 test suite ran. (0 ms total)
[  PASSED  ] 1 test.
<end of output>
Test time =   0.01 sec
----------------------------------------------------------
Test Passed.
"Both.CorrectInput" end time: Aug 30 19:14 CEST
"Both.CorrectInput" time elapsed: 00:00:00
----------------------------------------------------------

4/4 Testing: ListenTestInvalid.Exceptions
4/4 Test: ListenTestInvalid.Exceptions
Command: "/Users/sannealbreghs/Desktop/foodserv/google_test/listen_test/build/try_test" "--gtest_filter=ListenTestInvalid.Exceptions" "--gtest_also_run_disabled_tests"
Directory: /Users/sannealbreghs/Desktop/foodserv/google_test/listen_test/build
"ListenTestInvalid.Exceptions" start time: Aug 30 19:14 CEST
Output:
----------------------------------------------------------
Running main() from /Users/sannealbreghs/Desktop/foodserv/google_test/listen_test/build/_deps/googletest-src/googletest/src/gtest_main.cc
Note: Google Test filter = ListenTestInvalid.Exceptions
[==========] Running 1 test from 1 test suite.
[----------] Global test environment set-up.
[----------] 1 test from ListenTestInvalid
[ RUN      ] ListenTestInvalid.Exceptions
/Users/sannealbreghs/Desktop/foodserv/google_test/listen_test/try_test.cpp:62: Failure
Expected: { Listen test1(":0"); } throws an exception of type Listen::InvalidIpException.
  Actual: it throws Listen::InvalidPortException with description "ERROR! Invalid port number detected.".
[  FAILED  ] ListenTestInvalid.Exceptions (0 ms)
[----------] 1 test from ListenTestInvalid (0 ms total)

[----------] Global test environment tear-down
[==========] 1 test from 1 test suite ran. (0 ms total)
[  PASSED  ] 0 tests.
[  FAILED  ] 1 test, listed below:
[  FAILED  ] ListenTestInvalid.Exceptions

 1 FAILED TEST
<end of output>
Test time =   0.00 sec
----------------------------------------------------------
Test Failed.
"ListenTestInvalid.Exceptions" end time: Aug 30 19:14 CEST
"ListenTestInvalid.Exceptions" time elapsed: 00:00:00
----------------------------------------------------------

End testing: Aug 30 19:14 CEST
